Línea 35: la clase MSDataListLib.DataCombo del control dtcMeses no era una clase de control cargada.
Línea 60: la clase MSAdodcLib.Adodc del control datMeses no era una clase de control cargada.
Línea 107: la clase MSComctlLib.ListView del control lvwConceptos no era una clase de control cargada.
Línea 201: la clase Crystal.CrystalReport del control rptMantenedor no era una clase de control cargada.
Línea 267: la clase MSComctlLib.Toolbar del control tlbBarraHerramientas no era una clase de control cargada.
Línea 377: la clase MSComctlLib.ImageList del control ImgBarraHerramienta no era una clase de control cargada.
Línea 36: el nombre de la propiedad Bindings de dtcMeses no es válido.
Línea 42: el nombre de la propiedad _ExtentX de dtcMeses no es válido.
Línea 43: el nombre de la propiedad _ExtentY de dtcMeses no es válido.
Línea 44: el nombre de la propiedad _Version de dtcMeses no es válido.
Línea 46: el nombre de la propiedad Style de dtcMeses no es válido.
Línea 47: el nombre de la propiedad ListField de dtcMeses no es válido.
Línea 48: el nombre de la propiedad BoundColumn de dtcMeses no es válido.
Línea 49: el nombre de la propiedad Text de dtcMeses no es válido.
Línea 66: el nombre de la propiedad _ExtentX de datMeses no es válido.
Línea 67: el nombre de la propiedad _ExtentY de datMeses no es válido.
Línea 68: el nombre de la propiedad ConnectMode de datMeses no es válido.
Línea 69: el nombre de la propiedad CursorLocation de datMeses no es válido.
Línea 70: el nombre de la propiedad IsolationLevel de datMeses no es válido.
Línea 71: el nombre de la propiedad ConnectionTimeout de datMeses no es válido.
Línea 72: el nombre de la propiedad CommandTimeout de datMeses no es válido.
Línea 73: el nombre de la propiedad CursorType de datMeses no es válido.
Línea 74: el nombre de la propiedad LockType de datMeses no es válido.
Línea 75: el nombre de la propiedad CommandType de datMeses no es válido.
Línea 76: el nombre de la propiedad CursorOptions de datMeses no es válido.
Línea 77: el nombre de la propiedad CacheSize de datMeses no es válido.
Línea 78: el nombre de la propiedad MaxRecords de datMeses no es válido.
Línea 79: el nombre de la propiedad BOFAction de datMeses no es válido.
Línea 80: el nombre de la propiedad EOFAction de datMeses no es válido.
Línea 81: el nombre de la propiedad ConnectStringType de datMeses no es válido.
Línea 85: el nombre de la propiedad Orientation de datMeses no es válido.
Línea 87: el nombre de la propiedad Connect de datMeses no es válido.
Línea 88: el nombre de la propiedad OLEDBString de datMeses no es válido.
Línea 89: el nombre de la propiedad OLEDBFile de datMeses no es válido.
Línea 90: el nombre de la propiedad DataSourceName de datMeses no es válido.
Línea 91: el nombre de la propiedad OtherAttributes de datMeses no es válido.
Línea 92: el nombre de la propiedad UserName de datMeses no es válido.
Línea 93: el nombre de la propiedad Password de datMeses no es válido.
Línea 94: el nombre de la propiedad RecordSource de datMeses no es válido.
Línea 95: el nombre de la propiedad Caption de datMeses no es válido.
Línea 105: el nombre de la propiedad _Version de datMeses no es válido.
Línea 113: el nombre de la propiedad _ExtentX de lvwConceptos no es válido.
Línea 114: el nombre de la propiedad _ExtentY de lvwConceptos no es válido.
Línea 115: el nombre de la propiedad View de lvwConceptos no es válido.
Línea 116: el nombre de la propiedad LabelWrap de lvwConceptos no es válido.
Línea 117: el nombre de la propiedad HideSelection de lvwConceptos no es válido.
Línea 118: el nombre de la propiedad FullRowSelect de lvwConceptos no es válido.
Línea 119: el nombre de la propiedad GridLines de lvwConceptos no es válido.
Línea 120: el nombre de la propiedad HotTracking de lvwConceptos no es válido.
Línea 121: el nombre de la propiedad HoverSelection de lvwConceptos no es válido.
Línea 122: el nombre de la propiedad _Version de lvwConceptos no es válido.
Línea 136: el nombre de la propiedad NumItems de lvwConceptos no es válido.
Línea 141: el nombre de la propiedad ColumnHeader(1) de lvwConceptos no es válido.
Línea 147: el nombre de la propiedad ColumnHeader(2) de lvwConceptos no es válido.
Línea 154: el nombre de la propiedad ColumnHeader(3) de lvwConceptos no es válido.
Línea 161: el nombre de la propiedad ColumnHeader(4) de lvwConceptos no es válido.
Línea 204: el nombre de la propiedad _ExtentX de rptMantenedor no es válido.
Línea 205: el nombre de la propiedad _ExtentY de rptMantenedor no es válido.
Línea 206: el nombre de la propiedad _Version de rptMantenedor no es válido.
Línea 207: el nombre de la propiedad WindowControlBox de rptMantenedor no es válido.
Línea 208: el nombre de la propiedad WindowMaxButton de rptMantenedor no es válido.
Línea 209: el nombre de la propiedad WindowMinButton de rptMantenedor no es válido.
Línea 210: el nombre de la propiedad PrintFileLinesPerPage de rptMantenedor no es válido.
Línea 211: el nombre de la propiedad WindowShowCloseBtn de rptMantenedor no es válido.
Línea 274: el nombre de la propiedad _ExtentX de tlbBarraHerramientas no es válido.
Línea 275: el nombre de la propiedad _ExtentY de tlbBarraHerramientas no es válido.
Línea 276: el nombre de la propiedad ButtonWidth de tlbBarraHerramientas no es válido.
Línea 277: el nombre de la propiedad ButtonHeight de tlbBarraHerramientas no es válido.
Línea 278: el nombre de la propiedad AllowCustomize de tlbBarraHerramientas no es válido.
Línea 280: el nombre de la propiedad Style de tlbBarraHerramientas no es válido.
Línea 281: el nombre de la propiedad ImageList de tlbBarraHerramientas no es válido.
Línea 282: el nombre de la propiedad _Version de tlbBarraHerramientas no es válido.
Línea 375: el nombre de la propiedad Buttons de tlbBarraHerramientas no es válido.
Línea 380: el nombre de la propiedad _ExtentX de ImgBarraHerramienta no es válido.
Línea 381: el nombre de la propiedad _ExtentY de ImgBarraHerramienta no es válido.
Línea 383: el nombre de la propiedad ImageWidth de ImgBarraHerramienta no es válido.
Línea 384: el nombre de la propiedad ImageHeight de ImgBarraHerramienta no es válido.
Línea 385: el nombre de la propiedad MaskColor de ImgBarraHerramienta no es válido.
Línea 386: el nombre de la propiedad _Version de ImgBarraHerramienta no es válido.
Línea 573: el nombre de la propiedad Images de ImgBarraHerramienta no es válido.
