Línea 64: la clase MSDataListLib.DataCombo del control dtcSupervisor no era una clase de control cargada.
Línea 163: la clase MSComctlLib.ListView del control lvwEspecialidad no era una clase de control cargada.
Línea 261: la clase MSAdodcLib.Adodc del control datSupervisor no era una clase de control cargada.
Línea 308: la clase Crystal.CrystalReport del control rptMantenedor no era una clase de control cargada.
Línea 410: la clase MSComctlLib.Toolbar del control tlbBarraHerramientas no era una clase de control cargada.
Línea 519: la clase MSComctlLib.ImageList del control ImgBarraHerramienta no era una clase de control cargada.
Línea 65: el nombre de la propiedad Bindings de dtcSupervisor no es válido.
Línea 71: el nombre de la propiedad _ExtentX de dtcSupervisor no es válido.
Línea 72: el nombre de la propiedad _ExtentY de dtcSupervisor no es válido.
Línea 73: el nombre de la propiedad _Version de dtcSupervisor no es válido.
Línea 75: el nombre de la propiedad Style de dtcSupervisor no es válido.
Línea 76: el nombre de la propiedad ListField de dtcSupervisor no es válido.
Línea 77: el nombre de la propiedad BoundColumn de dtcSupervisor no es válido.
Línea 78: el nombre de la propiedad Text de dtcSupervisor no es válido.
Línea 169: el nombre de la propiedad _ExtentX de lvwEspecialidad no es válido.
Línea 170: el nombre de la propiedad _ExtentY de lvwEspecialidad no es válido.
Línea 171: el nombre de la propiedad View de lvwEspecialidad no es válido.
Línea 172: el nombre de la propiedad LabelWrap de lvwEspecialidad no es válido.
Línea 173: el nombre de la propiedad HideSelection de lvwEspecialidad no es válido.
Línea 174: el nombre de la propiedad Checkboxes de lvwEspecialidad no es válido.
Línea 175: el nombre de la propiedad FullRowSelect de lvwEspecialidad no es válido.
Línea 176: el nombre de la propiedad GridLines de lvwEspecialidad no es válido.
Línea 177: el nombre de la propiedad _Version de lvwEspecialidad no es válido.
Línea 191: el nombre de la propiedad NumItems de lvwEspecialidad no es válido.
Línea 196: el nombre de la propiedad ColumnHeader(1) de lvwEspecialidad no es válido.
Línea 202: el nombre de la propiedad ColumnHeader(2) de lvwEspecialidad no es válido.
Línea 267: el nombre de la propiedad _ExtentX de datSupervisor no es válido.
Línea 268: el nombre de la propiedad _ExtentY de datSupervisor no es válido.
Línea 269: el nombre de la propiedad ConnectMode de datSupervisor no es válido.
Línea 270: el nombre de la propiedad CursorLocation de datSupervisor no es válido.
Línea 271: el nombre de la propiedad IsolationLevel de datSupervisor no es válido.
Línea 272: el nombre de la propiedad ConnectionTimeout de datSupervisor no es válido.
Línea 273: el nombre de la propiedad CommandTimeout de datSupervisor no es válido.
Línea 274: el nombre de la propiedad CursorType de datSupervisor no es válido.
Línea 275: el nombre de la propiedad LockType de datSupervisor no es válido.
Línea 276: el nombre de la propiedad CommandType de datSupervisor no es válido.
Línea 277: el nombre de la propiedad CursorOptions de datSupervisor no es válido.
Línea 278: el nombre de la propiedad CacheSize de datSupervisor no es válido.
Línea 279: el nombre de la propiedad MaxRecords de datSupervisor no es válido.
Línea 280: el nombre de la propiedad BOFAction de datSupervisor no es válido.
Línea 281: el nombre de la propiedad EOFAction de datSupervisor no es válido.
Línea 282: el nombre de la propiedad ConnectStringType de datSupervisor no es válido.
Línea 286: el nombre de la propiedad Orientation de datSupervisor no es válido.
Línea 288: el nombre de la propiedad Connect de datSupervisor no es válido.
Línea 289: el nombre de la propiedad OLEDBString de datSupervisor no es válido.
Línea 290: el nombre de la propiedad OLEDBFile de datSupervisor no es válido.
Línea 291: el nombre de la propiedad DataSourceName de datSupervisor no es válido.
Línea 292: el nombre de la propiedad OtherAttributes de datSupervisor no es válido.
Línea 293: el nombre de la propiedad UserName de datSupervisor no es válido.
Línea 294: el nombre de la propiedad Password de datSupervisor no es válido.
Línea 295: el nombre de la propiedad RecordSource de datSupervisor no es válido.
Línea 296: el nombre de la propiedad Caption de datSupervisor no es válido.
Línea 306: el nombre de la propiedad _Version de datSupervisor no es válido.
Línea 311: el nombre de la propiedad _ExtentX de rptMantenedor no es válido.
Línea 312: el nombre de la propiedad _ExtentY de rptMantenedor no es válido.
Línea 313: el nombre de la propiedad _Version de rptMantenedor no es válido.
Línea 314: el nombre de la propiedad WindowControlBox de rptMantenedor no es válido.
Línea 315: el nombre de la propiedad WindowMaxButton de rptMantenedor no es válido.
Línea 316: el nombre de la propiedad WindowMinButton de rptMantenedor no es válido.
Línea 317: el nombre de la propiedad PrintFileLinesPerPage de rptMantenedor no es válido.
Línea 318: el nombre de la propiedad WindowShowCloseBtn de rptMantenedor no es válido.
Línea 319: el nombre de la propiedad WindowShowPrintSetupBtn de rptMantenedor no es válido.
Línea 417: el nombre de la propiedad _ExtentX de tlbBarraHerramientas no es válido.
Línea 418: el nombre de la propiedad _ExtentY de tlbBarraHerramientas no es válido.
Línea 419: el nombre de la propiedad ButtonWidth de tlbBarraHerramientas no es válido.
Línea 420: el nombre de la propiedad ButtonHeight de tlbBarraHerramientas no es válido.
Línea 421: el nombre de la propiedad AllowCustomize de tlbBarraHerramientas no es válido.
Línea 422: el nombre de la propiedad Style de tlbBarraHerramientas no es válido.
Línea 423: el nombre de la propiedad ImageList de tlbBarraHerramientas no es válido.
Línea 424: el nombre de la propiedad _Version de tlbBarraHerramientas no es válido.
Línea 517: el nombre de la propiedad Buttons de tlbBarraHerramientas no es válido.
Línea 522: el nombre de la propiedad _ExtentX de ImgBarraHerramienta no es válido.
Línea 523: el nombre de la propiedad _ExtentY de ImgBarraHerramienta no es válido.
Línea 525: el nombre de la propiedad ImageWidth de ImgBarraHerramienta no es válido.
Línea 526: el nombre de la propiedad ImageHeight de ImgBarraHerramienta no es válido.
Línea 527: el nombre de la propiedad MaskColor de ImgBarraHerramienta no es válido.
Línea 528: el nombre de la propiedad _Version de ImgBarraHerramienta no es válido.
Línea 715: el nombre de la propiedad Images de ImgBarraHerramienta no es válido.
