Línea 21: la clase MSComCtl2.DTPicker del control lblfecha no era una clase de control cargada.
Línea 33: la clase Crystal.CrystalReport del control CrystalReport1 no era una clase de control cargada.
Línea 50: la clase MSAdodcLib.Adodc del control Adomoneda no era una clase de control cargada.
Línea 97: la clase MSAdodcLib.Adodc del control Adosucursal no era una clase de control cargada.
Línea 144: la clase MSAdodcLib.Adodc del control adoencargado no era una clase de control cargada.
Línea 207: la clase MSComctlLib.ListView del control lsvdetalle no era una clase de control cargada.
Línea 425: la clase MSDataListLib.DataCombo del control cmbsucursal no era una clase de control cargada.
Línea 467: la clase MSDataListLib.DataCombo del control cmbmoneda no era una clase de control cargada.
Línea 483: la clase MSDataListLib.DataCombo del control cmbencargado no era una clase de control cargada.
Línea 559: la clase MSComctlLib.ImageList del control ImgBarraHerramienta no era una clase de control cargada.
Línea 649: la clase MSComctlLib.Toolbar del control tlbBarraHerramientas no era una clase de control cargada.
Línea 27: el nombre de la propiedad _ExtentX de lblfecha no es válido.
Línea 28: el nombre de la propiedad _ExtentY de lblfecha no es válido.
Línea 29: el nombre de la propiedad _Version de lblfecha no es válido.
Línea 30: el nombre de la propiedad Format de lblfecha no es válido.
Línea 31: el nombre de la propiedad CurrentDate de lblfecha no es válido.
Línea 36: el nombre de la propiedad _ExtentX de CrystalReport1 no es válido.
Línea 37: el nombre de la propiedad _ExtentY de CrystalReport1 no es válido.
Línea 38: el nombre de la propiedad _Version de CrystalReport1 no es válido.
Línea 39: el nombre de la propiedad WindowBorderStyle de CrystalReport1 no es válido.
Línea 40: el nombre de la propiedad WindowState de CrystalReport1 no es válido.
Línea 41: el nombre de la propiedad PrintFileLinesPerPage de CrystalReport1 no es válido.
Línea 56: el nombre de la propiedad _ExtentX de Adomoneda no es válido.
Línea 57: el nombre de la propiedad _ExtentY de Adomoneda no es válido.
Línea 58: el nombre de la propiedad ConnectMode de Adomoneda no es válido.
Línea 59: el nombre de la propiedad CursorLocation de Adomoneda no es válido.
Línea 60: el nombre de la propiedad IsolationLevel de Adomoneda no es válido.
Línea 61: el nombre de la propiedad ConnectionTimeout de Adomoneda no es válido.
Línea 62: el nombre de la propiedad CommandTimeout de Adomoneda no es válido.
Línea 63: el nombre de la propiedad CursorType de Adomoneda no es válido.
Línea 64: el nombre de la propiedad LockType de Adomoneda no es válido.
Línea 65: el nombre de la propiedad CommandType de Adomoneda no es válido.
Línea 66: el nombre de la propiedad CursorOptions de Adomoneda no es válido.
Línea 67: el nombre de la propiedad CacheSize de Adomoneda no es válido.
Línea 68: el nombre de la propiedad MaxRecords de Adomoneda no es válido.
Línea 69: el nombre de la propiedad BOFAction de Adomoneda no es válido.
Línea 70: el nombre de la propiedad EOFAction de Adomoneda no es válido.
Línea 71: el nombre de la propiedad ConnectStringType de Adomoneda no es válido.
Línea 75: el nombre de la propiedad Orientation de Adomoneda no es válido.
Línea 77: el nombre de la propiedad Connect de Adomoneda no es válido.
Línea 78: el nombre de la propiedad OLEDBString de Adomoneda no es válido.
Línea 79: el nombre de la propiedad OLEDBFile de Adomoneda no es válido.
Línea 80: el nombre de la propiedad DataSourceName de Adomoneda no es válido.
Línea 81: el nombre de la propiedad OtherAttributes de Adomoneda no es válido.
Línea 82: el nombre de la propiedad UserName de Adomoneda no es válido.
Línea 83: el nombre de la propiedad Password de Adomoneda no es válido.
Línea 84: el nombre de la propiedad RecordSource de Adomoneda no es válido.
Línea 85: el nombre de la propiedad Caption de Adomoneda no es válido.
Línea 95: el nombre de la propiedad _Version de Adomoneda no es válido.
Línea 103: el nombre de la propiedad _ExtentX de Adosucursal no es válido.
Línea 104: el nombre de la propiedad _ExtentY de Adosucursal no es válido.
Línea 105: el nombre de la propiedad ConnectMode de Adosucursal no es válido.
Línea 106: el nombre de la propiedad CursorLocation de Adosucursal no es válido.
Línea 107: el nombre de la propiedad IsolationLevel de Adosucursal no es válido.
Línea 108: el nombre de la propiedad ConnectionTimeout de Adosucursal no es válido.
Línea 109: el nombre de la propiedad CommandTimeout de Adosucursal no es válido.
Línea 110: el nombre de la propiedad CursorType de Adosucursal no es válido.
Línea 111: el nombre de la propiedad LockType de Adosucursal no es válido.
Línea 112: el nombre de la propiedad CommandType de Adosucursal no es válido.
Línea 113: el nombre de la propiedad CursorOptions de Adosucursal no es válido.
Línea 114: el nombre de la propiedad CacheSize de Adosucursal no es válido.
Línea 115: el nombre de la propiedad MaxRecords de Adosucursal no es válido.
Línea 116: el nombre de la propiedad BOFAction de Adosucursal no es válido.
Línea 117: el nombre de la propiedad EOFAction de Adosucursal no es válido.
Línea 118: el nombre de la propiedad ConnectStringType de Adosucursal no es válido.
Línea 122: el nombre de la propiedad Orientation de Adosucursal no es válido.
Línea 124: el nombre de la propiedad Connect de Adosucursal no es válido.
Línea 125: el nombre de la propiedad OLEDBString de Adosucursal no es válido.
Línea 126: el nombre de la propiedad OLEDBFile de Adosucursal no es válido.
Línea 127: el nombre de la propiedad DataSourceName de Adosucursal no es válido.
Línea 128: el nombre de la propiedad OtherAttributes de Adosucursal no es válido.
Línea 129: el nombre de la propiedad UserName de Adosucursal no es válido.
Línea 130: el nombre de la propiedad Password de Adosucursal no es válido.
Línea 131: el nombre de la propiedad RecordSource de Adosucursal no es válido.
Línea 132: el nombre de la propiedad Caption de Adosucursal no es válido.
Línea 142: el nombre de la propiedad _Version de Adosucursal no es válido.
Línea 150: el nombre de la propiedad _ExtentX de adoencargado no es válido.
Línea 151: el nombre de la propiedad _ExtentY de adoencargado no es válido.
Línea 152: el nombre de la propiedad ConnectMode de adoencargado no es válido.
Línea 153: el nombre de la propiedad CursorLocation de adoencargado no es válido.
Línea 154: el nombre de la propiedad IsolationLevel de adoencargado no es válido.
Línea 155: el nombre de la propiedad ConnectionTimeout de adoencargado no es válido.
Línea 156: el nombre de la propiedad CommandTimeout de adoencargado no es válido.
Línea 157: el nombre de la propiedad CursorType de adoencargado no es válido.
Línea 158: el nombre de la propiedad LockType de adoencargado no es válido.
Línea 159: el nombre de la propiedad CommandType de adoencargado no es válido.
Línea 160: el nombre de la propiedad CursorOptions de adoencargado no es válido.
Línea 161: el nombre de la propiedad CacheSize de adoencargado no es válido.
Línea 162: el nombre de la propiedad MaxRecords de adoencargado no es válido.
Línea 163: el nombre de la propiedad BOFAction de adoencargado no es válido.
Línea 164: el nombre de la propiedad EOFAction de adoencargado no es válido.
Línea 165: el nombre de la propiedad ConnectStringType de adoencargado no es válido.
Línea 169: el nombre de la propiedad Orientation de adoencargado no es válido.
Línea 171: el nombre de la propiedad Connect de adoencargado no es válido.
Línea 172: el nombre de la propiedad OLEDBString de adoencargado no es válido.
Línea 173: el nombre de la propiedad OLEDBFile de adoencargado no es válido.
Línea 174: el nombre de la propiedad DataSourceName de adoencargado no es válido.
Línea 175: el nombre de la propiedad OtherAttributes de adoencargado no es válido.
Línea 176: el nombre de la propiedad UserName de adoencargado no es válido.
Línea 177: el nombre de la propiedad Password de adoencargado no es válido.
Línea 178: el nombre de la propiedad RecordSource de adoencargado no es válido.
Línea 179: el nombre de la propiedad Caption de adoencargado no es válido.
Línea 189: el nombre de la propiedad _Version de adoencargado no es válido.
Línea 213: el nombre de la propiedad _ExtentX de lsvdetalle no es válido.
Línea 214: el nombre de la propiedad _ExtentY de lsvdetalle no es válido.
Línea 215: el nombre de la propiedad View de lsvdetalle no es válido.
Línea 216: el nombre de la propiedad LabelEdit de lsvdetalle no es válido.
Línea 217: el nombre de la propiedad MultiSelect de lsvdetalle no es válido.
Línea 218: el nombre de la propiedad LabelWrap de lsvdetalle no es válido.
Línea 219: el nombre de la propiedad HideSelection de lsvdetalle no es válido.
Línea 220: el nombre de la propiedad FullRowSelect de lsvdetalle no es válido.
Línea 221: el nombre de la propiedad GridLines de lsvdetalle no es válido.
Línea 222: el nombre de la propiedad _Version de lsvdetalle no es válido.
Línea 227: el nombre de la propiedad NumItems de lsvdetalle no es válido.
Línea 232: el nombre de la propiedad ColumnHeader(1) de lsvdetalle no es válido.
Línea 237: el nombre de la propiedad ColumnHeader(2) de lsvdetalle no es válido.
Línea 242: el nombre de la propiedad ColumnHeader(3) de lsvdetalle no es válido.
Línea 248: el nombre de la propiedad ColumnHeader(4) de lsvdetalle no es válido.
Línea 254: el nombre de la propiedad ColumnHeader(5) de lsvdetalle no es válido.
Línea 260: el nombre de la propiedad ColumnHeader(6) de lsvdetalle no es válido.
Línea 266: el nombre de la propiedad ColumnHeader(7) de lsvdetalle no es válido.
Línea 271: el nombre de la propiedad ColumnHeader(8) de lsvdetalle no es válido.
Línea 276: el nombre de la propiedad ColumnHeader(9) de lsvdetalle no es válido.
Línea 281: el nombre de la propiedad ColumnHeader(10) de lsvdetalle no es válido.
Línea 426: el nombre de la propiedad Bindings de cmbsucursal no es válido.
Línea 432: el nombre de la propiedad _ExtentX de cmbsucursal no es válido.
Línea 433: el nombre de la propiedad _ExtentY de cmbsucursal no es válido.
Línea 434: el nombre de la propiedad _Version de cmbsucursal no es válido.
Línea 435: el nombre de la propiedad Style de cmbsucursal no es válido.
Línea 436: el nombre de la propiedad ListField de cmbsucursal no es válido.
Línea 437: el nombre de la propiedad BoundColumn de cmbsucursal no es válido.
Línea 438: el nombre de la propiedad Text de cmbsucursal no es válido.
Línea 468: el nombre de la propiedad Bindings de cmbmoneda no es válido.
Línea 474: el nombre de la propiedad _ExtentX de cmbmoneda no es válido.
Línea 475: el nombre de la propiedad _ExtentY de cmbmoneda no es válido.
Línea 476: el nombre de la propiedad _Version de cmbmoneda no es válido.
Línea 477: el nombre de la propiedad Style de cmbmoneda no es válido.
Línea 478: el nombre de la propiedad ListField de cmbmoneda no es válido.
Línea 479: el nombre de la propiedad BoundColumn de cmbmoneda no es válido.
Línea 480: el nombre de la propiedad Text de cmbmoneda no es válido.
Línea 481: el nombre de la propiedad Object.DataMember de cmbmoneda no es válido.
Línea 484: el nombre de la propiedad Bindings de cmbencargado no es válido.
Línea 490: el nombre de la propiedad _ExtentX de cmbencargado no es válido.
Línea 491: el nombre de la propiedad _ExtentY de cmbencargado no es válido.
Línea 492: el nombre de la propiedad _Version de cmbencargado no es válido.
Línea 493: el nombre de la propiedad Style de cmbencargado no es válido.
Línea 494: el nombre de la propiedad ListField de cmbencargado no es válido.
Línea 495: el nombre de la propiedad BoundColumn de cmbencargado no es válido.
Línea 496: el nombre de la propiedad Text de cmbencargado no es válido.
Línea 497: el nombre de la propiedad Object.DataMember de cmbencargado no es válido.
Línea 562: el nombre de la propiedad _ExtentX de ImgBarraHerramienta no es válido.
Línea 563: el nombre de la propiedad _ExtentY de ImgBarraHerramienta no es válido.
Línea 565: el nombre de la propiedad ImageWidth de ImgBarraHerramienta no es válido.
Línea 566: el nombre de la propiedad ImageHeight de ImgBarraHerramienta no es válido.
Línea 567: el nombre de la propiedad MaskColor de ImgBarraHerramienta no es válido.
Línea 568: el nombre de la propiedad _Version de ImgBarraHerramienta no es válido.
Línea 647: el nombre de la propiedad Images de ImgBarraHerramienta no es válido.
Línea 656: el nombre de la propiedad _ExtentX de tlbBarraHerramientas no es válido.
Línea 657: el nombre de la propiedad _ExtentY de tlbBarraHerramientas no es válido.
Línea 658: el nombre de la propiedad ButtonWidth de tlbBarraHerramientas no es válido.
Línea 659: el nombre de la propiedad ButtonHeight de tlbBarraHerramientas no es válido.
Línea 660: el nombre de la propiedad AllowCustomize de tlbBarraHerramientas no es válido.
Línea 662: el nombre de la propiedad Style de tlbBarraHerramientas no es válido.
Línea 663: el nombre de la propiedad ImageList de tlbBarraHerramientas no es válido.
Línea 664: el nombre de la propiedad _Version de tlbBarraHerramientas no es válido.
Línea 742: el nombre de la propiedad Buttons de tlbBarraHerramientas no es válido.
